<?xml version="1.0" encoding="UTF-8"?>
<!-- Generated by org.testng.reporters.JUnitReportReporter -->
<testsuite hostname="CSD006163-LW7" name="uk.org.mnb.harvester.tests.TestNGExample" tests="1" failures="0" timestamp="28 Jan 2016 06:40:54 GMT" time="0.000" errors="0">
  <testcase name="testPrintMessage" time="0.000" classname="uk.org.mnb.harvester.tests.TestNGExample"/>
</testsuite> <!-- uk.org.mnb.harvester.tests.TestNGExample -->
