<?xml version="1.0" encoding="UTF-8"?>
<!-- Generated by org.testng.reporters.JUnitReportReporter -->
<testsuite hostname="CSD006163-LW7" name="uk.org.mnb.harvester.regession.frontend.VerifyUserRegistration" tests="2" failures="0" timestamp="27 Jan 2016 12:58:07 GMT" time="54.348" errors="0">
  <testcase name="checkUserRegistration" time="29.569" classname="uk.org.mnb.harvester.regession.frontend.VerifyUserRegistration"/>
  <testcase name="checkUserRegistrationFail" time="24.779" classname="uk.org.mnb.harvester.regession.frontend.VerifyUserRegistration"/>
</testsuite> <!-- uk.org.mnb.harvester.regession.frontend.VerifyUserRegistration -->
