<?xml version="1.0" encoding="UTF-8"?>
<!-- Generated by org.testng.reporters.JUnitReportReporter -->
<testsuite hostname="CSD006163-LW7" name="uk.org.mnb.harvester.tests.Simpletest" tests="1" failures="0" timestamp="28 Jan 2016 07:17:18 GMT" time="4.596" errors="0">
  <testcase name="main" time="4.596" classname="uk.org.mnb.harvester.tests.Simpletest"/>
</testsuite> <!-- uk.org.mnb.harvester.tests.Simpletest -->
